<?xml version="1.0" encoding="UTF-8"?>
<!-- Generated by org.testng.reporters.JUnitReportReporter -->
<testsuite skipped="0" hostname="NISL" name="com.demo.login.testcases.LoginPageTest" tests="8" failures="0" timestamp="03 Sep 2020 05:04:16 GMT" time="59.835" errors="0">
  <testcase name="verifyTitle" time="6.179" classname="com.demo.login.testcases.LoginPageTest"/>
  <testcase name="loginWithoutEnteringPassword" time="7.726" classname="com.demo.login.testcases.LoginPageTest"/>
  <testcase name="verifyDisableLoginButtonColor" time="2.184" classname="com.demo.login.testcases.LoginPageTest"/>
  <testcase name="verifyenbleLoginButtonColor" time="4.270" classname="com.demo.login.testcases.LoginPageTest"/>
  <testcase name="loginByEnteringInvalidUserId" time="5.881" classname="com.demo.login.testcases.LoginPageTest"/>
  <testcase name="loginByEnteringInvalidPassword" time="8.170" classname="com.demo.login.testcases.LoginPageTest"/>
  <testcase name="loginByWithoutEnteringPassword" time="5.652" classname="com.demo.login.testcases.LoginPageTest"/>
  <testcase name="validLogin" time="19.773" classname="com.demo.login.testcases.LoginPageTest"/>
</testsuite> <!-- com.demo.login.testcases.LoginPageTest -->
